<?xml version="1.0" encoding="UTF-8"?>
<!-- Generated by org.testng.reporters.JUnitXMLReporter -->
<testsuite ignored="6" hostname="Haji-Rehan" failures="0" tests="1" name="testPostCreateUserWithMaxLengthName" time="0.002" errors="0" timestamp="2023-12-17T22:15:33 WIB">
  <testcase classname="api.apiTest" name="testPostCreateUserWithMaxLengthName" time="0.0"/>
  <testcase classname="api.apiTest" name="updateUserWithInvalidIdTest" time="0.0">
    <ignored/>
  </testcase> <!-- updateUserWithInvalidIdTest -->
  <testcase classname="api.apiTest" name="updateUserWithMaxLengthNameTest" time="0.0">
    <ignored/>
  </testcase> <!-- updateUserWithMaxLengthNameTest -->
  <testcase classname="api.apiTest" name="testPostCreateUser" time="0.0">
    <ignored/>
  </testcase> <!-- testPostCreateUser -->
  <testcase classname="api.apiTest" name="updateUserTest" time="0.0">
    <ignored/>
  </testcase> <!-- updateUserTest -->
  <testcase classname="api.apiTest" name="testGetListUsers" time="0.0">
    <ignored/>
  </testcase> <!-- testGetListUsers -->
  <testcase classname="api.apiTest" name="testPostCreateUserWithMissingName" time="0.0">
    <ignored/>
  </testcase> <!-- testPostCreateUserWithMissingName -->
</testsuite> <!-- testPostCreateUserWithMaxLengthName -->
