<?xml version="1.0" encoding="UTF-8"?>
<!-- Generated by org.testng.reporters.JUnitXMLReporter -->
<testsuite ignored="0" hostname="Haji-Rehan" failures="0" tests="3" name="Test Positive" time="0.029" errors="0" timestamp="2023-12-11T22:25:02 WIB">
  <testcase classname="tests.APITest" name="testBoundaryScenario" time="0.004"/>
  <testcase classname="tests.APITest" name="testNegativeScenario" time="0.0"/>
  <testcase classname="tests.APITest" name="testPositiveScenario" time="0.0"/>
</testsuite> <!-- Test Positive -->
