<?xml version="1.0" encoding="UTF-8"?>
<!-- Generated by org.testng.reporters.JUnitXMLReporter -->
<testsuite ignored="2" hostname="Haji-Rehan" failures="0" tests="1" name="Test Positive" time="0.029" errors="0" timestamp="2023-12-17T11:53:31 WIB">
  <testcase classname="api.apiTest" name="testPositiveScenario" time="0.004"/>
  <testcase classname="api.apiTest" name="testNegativeScenario" time="0.0">
    <ignored/>
  </testcase> <!-- testNegativeScenario -->
  <testcase classname="api.apiTest" name="testBoundaryScenario" time="0.0">
    <ignored/>
  </testcase> <!-- testBoundaryScenario -->
</testsuite> <!-- Test Positive -->
