<?xml version="1.0" encoding="UTF-8"?>
<!-- Generated by org.testng.reporters.JUnitXMLReporter -->
<testsuite ignored="0" hostname="Haji-Rehan" failures="0" tests="3" name="testPositiveScenario" time="0.027" errors="0" timestamp="2023-12-11T21:38:31 WIB">
  <testcase classname="tests.APITest" name="testBoundaryScenario" time="0.003"/>
  <testcase classname="tests.APITest" name="testNegativeScenario" time="0.001"/>
  <testcase classname="tests.APITest" name="testPositiveScenario" time="0.0"/>
</testsuite> <!-- testPositiveScenario -->
