<?xml version="1.0" encoding="UTF-8"?>
<!-- Generated by org.testng.reporters.JUnitXMLReporter -->
<testsuite ignored="0" hostname="Haji-Rehan" failures="0" tests="3" name="Command line test" time="0.03" errors="0" timestamp="2023-12-11T21:33:17 WIB">
  <testcase classname="tests.APITest" name="testBoundaryScenario" time="0.004"/>
  <testcase classname="tests.APITest" name="testNegativeScenario" time="0.0"/>
  <testcase classname="tests.APITest" name="testPositiveScenario" time="0.0"/>
</testsuite> <!-- Command line test -->
