<?xml version="1.0" encoding="UTF-8"?>
<testng-results ignored="42" total="49" passed="7" failed="0" skipped="0">
  <reporter-output>
  </reporter-output>
  <suite started-at="2023-12-17T22:17:32 WIB" name="Test API" finished-at="2023-12-17T22:17:35 WIB" duration-ms="3242">
    <groups>
    </groups>
    <test started-at="2023-12-17T22:17:32 WIB" name="testGetListUsers" finished-at="2023-12-17T22:17:33 WIB" duration-ms="1257">
      <class name="api.apiTest">
        <test-method signature="testGetListUsers()[pri:0, instance:api.apiTest@7e9a5fbe]" started-at="2023-12-17T22:17:32 WIB" name="testGetListUsers" finished-at="2023-12-17T22:17:33 WIB" duration-ms="1223" status="PASS">
          <reporter-output>
          </reporter-output>
        </test-method> <!-- testGetListUsers -->
      </class> <!-- api.apiTest -->
    </test> <!-- testGetListUsers -->
    <test started-at="2023-12-17T22:17:33 WIB" name="testPostCreateUser" finished-at="2023-12-17T22:17:34 WIB" duration-ms="934">
      <class name="api.apiTest">
        <test-method signature="testPostCreateUser()[pri:0, instance:api.apiTest@4df828d7]" started-at="2023-12-17T22:17:33 WIB" name="testPostCreateUser" finished-at="2023-12-17T22:17:34 WIB" duration-ms="933" status="PASS">
          <reporter-output>
          </reporter-output>
        </test-method> <!-- testPostCreateUser -->
      </class> <!-- api.apiTest -->
    </test> <!-- testPostCreateUser -->
    <test started-at="2023-12-17T22:17:34 WIB" name="testPostCreateUserWithMissingName" finished-at="2023-12-17T22:17:34 WIB" duration-ms="1">
      <class name="api.apiTest">
        <test-method signature="testPostCreateUserWithMissingName()[pri:0, instance:api.apiTest@11e21d0e]" started-at="2023-12-17T22:17:34 WIB" name="testPostCreateUserWithMissingName" finished-at="2023-12-17T22:17:34 WIB" duration-ms="1" status="PASS">
          <reporter-output>
          </reporter-output>
        </test-method> <!-- testPostCreateUserWithMissingName -->
      </class> <!-- api.apiTest -->
    </test> <!-- testPostCreateUserWithMissingName -->
    <test started-at="2023-12-17T22:17:34 WIB" name="testPostCreateUserWithMaxLengthName" finished-at="2023-12-17T22:17:34 WIB" duration-ms="3">
      <class name="api.apiTest">
        <test-method signature="testPostCreateUserWithMaxLengthName()[pri:0, instance:api.apiTest@3ffcd140]" started-at="2023-12-17T22:17:34 WIB" name="testPostCreateUserWithMaxLengthName" finished-at="2023-12-17T22:17:34 WIB" duration-ms="1" status="PASS">
          <reporter-output>
          </reporter-output>
        </test-method> <!-- testPostCreateUserWithMaxLengthName -->
      </class> <!-- api.apiTest -->
    </test> <!-- testPostCreateUserWithMaxLengthName -->
    <test started-at="2023-12-17T22:17:34 WIB" name="updateUserTest" finished-at="2023-12-17T22:17:35 WIB" duration-ms="993">
      <class name="api.apiTest">
        <test-method signature="updateUserTest()[pri:0, instance:api.apiTest@4ba2ca36]" started-at="2023-12-17T22:17:34 WIB" name="updateUserTest" finished-at="2023-12-17T22:17:35 WIB" duration-ms="991" status="PASS">
          <reporter-output>
          </reporter-output>
        </test-method> <!-- updateUserTest -->
      </class> <!-- api.apiTest -->
    </test> <!-- updateUserTest -->
    <test started-at="2023-12-17T22:17:35 WIB" name="updateUserWithInvalidIdTest" finished-at="2023-12-17T22:17:35 WIB" duration-ms="1">
      <class name="api.apiTest">
        <test-method signature="updateUserWithInvalidIdTest()[pri:0, instance:api.apiTest@37574691]" started-at="2023-12-17T22:17:35 WIB" name="updateUserWithInvalidIdTest" finished-at="2023-12-17T22:17:35 WIB" duration-ms="0" status="PASS">
          <reporter-output>
          </reporter-output>
        </test-method> <!-- updateUserWithInvalidIdTest -->
      </class> <!-- api.apiTest -->
    </test> <!-- updateUserWithInvalidIdTest -->
    <test started-at="2023-12-17T22:17:35 WIB" name="updateUserWithMaxLengthNameTest" finished-at="2023-12-17T22:17:35 WIB" duration-ms="1">
      <class name="api.apiTest">
        <test-method signature="updateUserWithMaxLengthNameTest()[pri:0, instance:api.apiTest@80ec1f8]" started-at="2023-12-17T22:17:35 WIB" name="updateUserWithMaxLengthNameTest" finished-at="2023-12-17T22:17:35 WIB" duration-ms="0" status="PASS">
          <reporter-output>
          </reporter-output>
        </test-method> <!-- updateUserWithMaxLengthNameTest -->
      </class> <!-- api.apiTest -->
    </test> <!-- updateUserWithMaxLengthNameTest -->
  </suite> <!-- Test API -->
</testng-results>
